<?xml version="1.0" encoding="utf-8" standalone="no"?>
<test-run id="2" testcasecount="1" result="Passed" total="0" passed="0" failed="0" inconclusive="0" skipped="0" asserts="0" engine-version="3.10.0.0" clr-version="4.0.30319.42000" start-time="2020-01-29 09:36:04Z" end-time="2020-01-29 09:36:05Z" duration="0.281862">
  <command-line><![CDATA[nunit3-console.exe  "D:/Orange.HRM/Orange.HRM.Test/bin/Debug/Orange.HRM.Test.dll" --inprocess --where "cat == anuj"]]></command-line>
  <filter>
    <cat>anuj</cat>
  </filter>
  <test-suite type="Assembly" id="0-1003" name="Orange.HRM.Test.dll" fullname="D:\Orange.HRM\Orange.HRM.Test\bin\Debug\Orange.HRM.Test.dll" runstate="Runnable" testcasecount="1" result="Passed" start-time="2020-01-29 09:36:05Z" end-time="2020-01-29 09:36:05Z" duration="0.008706" total="0" passed="0" failed="0" warnings="0" inconclusive="0" skipped="0" asserts="0">
    <environment framework-version="3.12.0.0" clr-version="4.0.30319.42000" os-version="Microsoft Windows NT 10.0.18362.0" platform="Win32NT" cwd="D:\Orange.HRM\packages\NUnit.ConsoleRunner.3.10.0\tools" machine-name="ANUJJ3150809" user="anujjain03" user-domain="NAGARRO" culture="en-US" uiculture="en-US" os-architecture="x64" />
    <settings>
      <setting name="ProcessModel" value="InProcess" />
      <setting name="DisposeRunners" value="True" />
      <setting name="WorkDirectory" value="D:\Orange.HRM\packages\NUnit.ConsoleRunner.3.10.0\tools" />
      <setting name="ImageRuntimeVersion" value="4.0.30319" />
      <setting name="ImageTargetFrameworkName" value=".NETFramework,Version=v4.7.2" />
      <setting name="ImageRequiresX86" value="False" />
      <setting name="ImageRequiresDefaultAppDomainAssemblyResolver" value="False" />
      <setting name="NumberOfTestWorkers" value="8" />
    </settings>
    <properties>
      <property name="_PID" value="113044" />
      <property name="_APPDOMAIN" value="domain-" />
    </properties>
  </test-suite>
</test-run>